<?xml version="1.0" encoding="UTF-8"?>
<robot generator="Robot 4.1.3 (Python 3.8.10 on linux)" generated="20220204 21:18:46.914" rpa="false" schemaversion="2">
<suite id="s1" name="searchApi" source="/home/haben/Documents/QA/LAB/ROBOT-TEST/testing-ruangguru/test/api/searchApi.robot">
<test id="s1-t1" name="Search api">
<kw name="Based on available" library="keywordsApi">
<kw name="Create Session" library="request">
<arg>skillacademy</arg>
<arg>${url_skillacademy}</arg>
<arg>verify=true</arg>
<doc>Create Session: create a HTTP session to a server</doc>
<msg timestamp="20220204 21:18:46.991" level="INFO">Creating Session using : alias=skillacademy, url=https://skillacademy.com/, headers={},                     cookies={}, auth=None, timeout=None, proxies=None, verify=True,                     debug=0 </msg>
<status status="PASS" starttime="20220204 21:18:46.990" endtime="20220204 21:18:46.991"/>
</kw>
<kw name="Get Request" library="request">
<var>${response}</var>
<arg>skillacademy</arg>
<arg>api/skillacademy/discovery/search?keyword=${skillavailableapi}</arg>
<doc>*DEPRECATED* Please use `GET On Session` instead.</doc>
<msg timestamp="20220204 21:18:46.991" level="WARN">Keyword 'request.Get Request' is deprecated. Please use `GET On Session` instead.</msg>
<msg timestamp="20220204 21:18:47.344" level="INFO">GET Request : url=https://skillacademy.com/api/skillacademy/discovery/search?keyword=bahasa 
 path_url=/api/skillacademy/discovery/search?keyword=bahasa 
 headers={'User-Agent': 'python-requests/2.27.1', 'Accept-Encoding': 'gzip, deflate', 'Accept': '*/*', 'Connection': 'keep-alive'} 
 body=None 
 </msg>
<msg timestamp="20220204 21:18:47.345" level="INFO">GET Response : url=https://skillacademy.com/api/skillacademy/discovery/search?keyword=bahasa 
 status=200, reason=OK 
 headers={'Date': 'Fri, 04 Feb 2022 14:18:47 GMT', 'Content-Type': 'application/json', 'Transfer-Encoding': 'chunked', 'Connection': 'keep-alive', 'grpc-metadata-content-type': 'application/grpc', 'vary': 'Origin, Origin, Accept-Encoding', 'access-control-allow-origin': '*', 'cf-cache-status': 'DYNAMIC', 'expect-ct': 'max-age=604800, report-uri="https://report-uri.cloudflare.com/cdn-cgi/beacon/expect-ct"', 'content-encoding': 'gzip', 'Server': 'cloudflare', 'CF-RAY': '6d8487bc9bd58952-SIN'} 
 body={"data":{"data":[{"basePrice":300000,"categories":[],"courseDescription":"Jadwal kelas terdiri dari 1 sesi\u003cbr\u003eHari/Tanggal: Rabu, 29 Juli 2020\u003cbr\u003ePukul: 09.00-10.30 WIB\u003cbr\u003ePlatform: Zoom\u003cbr\u003eKemampuan Presentasi dan berbicara di depan umum sangat berguna dalam banyak aspek pekerjaan dan kehidupan.ng dalam negosiasi, serta mengukur keberhasilan dalam bernegosiasi. Presentasi yang efektif dan keterampilan berbicara di depan umum penting dalam bisnis, penjualan, pelatihan, pengajaran, ceramah dan atau untuk menghibur penonton. Mengembangkan kepercayaan diri dan kemampuan untuk memberikan presentasi yang baik, dan berdiri di depan banyak orang dan berbicara dengan baik, juga merupakan kompetensi yang sangat membantu untuk pengembangan diri juga. Presentasi dan keterampilan berbicara di depan umum tidak terbatas pada orang-orang khusus tertentu – siapa pun dapat memberikan presentasi yang baik, atau berbicara di depan umum dengan standar profesional dan mengesankan.\u003cbr\u003e\u003cbr\u003e\u003cb\u003ePERHATIAN\u003c/b\u003e\u003cbr\u003e1.Jika terjadi kesalahan dalam pembelian, pihak Skill Academy tidak melayani pengembalian dana (refund) dengan alasan apapun\u003cbr\u003e2. Sebelum membeli, harap baca deskripsi program dengan saksama, khususnya jadwal pelatihan\u003cbr\u003e3. Program pelatihan yang dibeli menggunakan Kartu Prakerja tidak dapat dipindahtangankan. Jika terjadi hal tersebut, pihak penyelenggara pelatihan berhak untuk tidak memberikan sertifikat\u003cbr\u003e4. Khusus untuk pengguna Kartu Prakerja, pastikan nama, alamat email, dan nomor HP yang terdaftar di Skill Academy sesuai dengan data Prakerja kamu\u003cbr\u003e\u003cbr\u003e\u003cb\u003eCara Redeem Voucher:\u003c/b\u003e\u003cbr\u003eSetelah melakukan transaksi, harap menghubungi Polindo Madiun untuk konfirmasi reedem kelas.","courseName":"Webinar: Menguasai Teknik Berbicara di Depan Umum","courseSerial":"PROG-MD85SE24","createdAt":"2020-06-11 09:29:39.618604 +0000 UTC","imageUrl":"https://skillacademy-prod.s3.ap-southeast-1.amazonaws.com/offline-marketplace/01_background.jpg","instructors":[{"description":"Politeknik Indonesia berdiri di Madiun pada tahun 2011 sebagai lembaga yang berkonsentrasi pada pendidikan, pelatihan dan bursa kerja dalam upaya pengembangan sumber daya manusia. Politeknik Indonesia hadir untuk memenuhi kebutuhan pelatihan atau in house training pada instansi swasta danpemerintahan guna meningkatkan kompetensi SumberDaya Manusia. Hingga kini  Politeknik Indonesia aktif memberikan pendidikan dan pelatihan bagi peningkatan kualitas sumber daya manusia pada dunia pendidikan, instansi swasta, instansi pemerintah dan usaha industri berupa pelatihan soft skill maupun hard skill untuk peningkatan kinerja organisasi.","jobTitle":"","name":"Politeknik Indonesia Madiun","profilePicture":"https://skillacademy-prod.s3.ap-southeast-1.amazonaws.com/offline-marketplace/Icon_Madiun.png"}],"introductionVideoThumbnailURL":"https://skillacademy-prod.s3.ap-southeast-1.amazonaws.com/offline-marketplace/01_small.jpg","introductionVideoURL":"https://skillacademy-prod.s3.ap-southeast-1.amazonaws.com/offline-marketplace/01_large.jpg","isSubscribed":false,"location":["DAERAH ISTIMEWA YOGYAKARTA","KOTA YOGYAKARTA"],"marketType":"OFFLINE","merchantSerial":"MERC-KAVO21Q4","price":300000,"rating":0,"slug":"webinar-menguasai-teknik-berbicara-di-depan-umum","tags":[],"topics":[],"totalRating":0,"transactional":"TRANSACTIONABLE_YES","updatedAt":"2020-07-03 10:06:46.950665 +0000 UTC"},{"basePrice":1000000,"categories":[],"courseDescription":"Jadwal kelas terdiri dari 5 sesi dengan topik yang berbeda\u003cbr\u003eHari/Tanggal: Senin, 21 September 2020 - Jumat, 25 September 2020\u003cbr\u003ePukul: 10.00 - 11.30 WIB\u003cbr\u003ePlatform: Zoom\u003cbr\u003eWorld Health Organization (WHO) telah mengumumkan bahwa Corona Virus Disease (COVID-19) menjadi pandemi global karena semakin meluasnya penyebaran penyakit tersebut. Tempat Pengolahan Pangan adalah salah satu sektor yang terdampak besar akibat wabah COVID-19 ini, diantaranya rumah makan, restoran, hotel, jasa boga, dapur rumah sakit, salad bar pada ritel pangan, kantin/pujasera, para pelaku usaha UMKM Pangan dan bentuk Tempat Pengelolaan Pangan (TPP) lainnya.\u003cbr\u003eDampak pada TPP ini dirasakan salah satunya karena ketakutan masyarakat akan penyebaran Virus melalui penanganan pangan yang tidak baik dari Penjamah Makanan (Food Handler). Terkait dengan hal tersebut, penerapan higiene sanitasi sangat penting dilaksanakan untuk memastikan penyediaan pangan yang aman untuk dikonsumsi, tidak menyebabkan gangguan atau bahaya (dalam hal ini virus) terhadap kesehatan konsumen.\u003cbr\u003e\u003cbr\u003e Kelas ini terdiri dari beberapa course, yaitu : \u003cbr\u003e a ) Mengenal virus SARS-CoV-2 dan Potensi Bahaya Penyakit Covid-19 bagi Pengolah Makanan \u003cbr\u003e b) Tindakan Pencegahan Penyebaran Covid-19 di Tempat Pengolahan Pangan dengan Menerapkan Personal Higiene yang Baik Bagi Penjamah Makanan \u003cbr\u003e c) Memahami Karakteristik Pangan yang Aman dari Virus dan Bahaya Lainnya \u003cbr\u003e d) Menerapkan Cara Pengolahan Pangan yang Aman dari Virus dan Bahaya Lainnya \u003cbr\u003e e) Menerapkan Prinsip Kebersihan dan Sanitasi serta Proses Pengendalian Hama di Tempat Pengolahan Pangan.\u003cbr\u003e\u003cbr\u003e \u003cb\u003e PERHATIAN \u003c/b\u003e \u003cbr\u003e 1. Jika terjadi kesalahan dalam pembelian, pihak Skill Academy tidak melayani pengembalian dana (refund) dengan alasan apapun \u003cbr\u003e 2. Sebelum membeli, harap baca deskripsi program dengan saksama, khususnya jadwal pelatihan \u003cbr\u003e 3. Program pelatihan yang dibeli menggunakan Kartu Prakerja tidak dapat dipindahtangankan. Jika terjadi hal tersebut, pihak penyelenggara pelatihan berhak untuk tidak memberikan sertifikat \u003cbr\u003e 4. Khusus untuk pengguna Kartu Prakerja, pastikan nama, alamat email, dan nomor HP yang terdaftar di Skill Academy sesuai dengan data Prakerja Anda. \u003cbr\u003e\u003cbr\u003e \u003cb\u003eCara Redeem Voucher:\u003c/b\u003e \u003cbr\u003e 1. Setelah selesai melakukan pembelian, kunjungi halaman \"Kelas Saya\" untuk melihat kode voucher kamu. \u003cbr\u003e 2. Lalu setelah itu, daftarkan diri kamu dan masukkan kode voucher di form yang telah disediakan  \u003cbr\u003e 3. Tim Accelerice akan menghubungi kamu untuk pelaksanaan kelas.","courseName":"Webinar: Cegah Penyebaran Covid-19 dengan Penanganan Pangan Aman","courseSerial":"PROG-R8HTTJQJ","createdAt":"2020-06-10 08:00:31.605579 +0000 UTC","imageUrl":"https://skillacademy-prod.s3.ap-southeast-1.amazonaws.com/offline-marketplace/01-Merchant_Image.jpg","instructors":[{"description":"Accelerice merupakan akselerator makanan yang berbasis di Indonesia. Dikonseptualisasikan pada tahun 2018 untuk memberdayakan dan meningkatkan usaha kecil menengah dan merupakan inovasi pangan dan pusat pengetahuan pertama di Indonesia untuk calon pengusaha dan individu.","jobTitle":"","name":"Accelerice","profilePicture":"https://skillacademy-prod.s3.ap-southeast-1.amazonaws.com/offline-marketplace/10-Merchant_Logo.png"}],"introductionVideoThumbnailURL":"https://skillacademy-prod.s3.ap-southeast-1.amazonaws.com/offline-marketplace/01_Small.jpgg","introductionVideoURL":"https://skillacademy-prod.s3.ap-southeast-1.amazonaws.com/offline-marketplace/01_Large.jpg","isSubscribed":false,"location":["DKI JAKARTA","KOTA JAKARTA SELATAN"],"marketType":"OFFLINE","merchantSerial":"MERC-J8QNFF55","price":1000000,"rating":0,"slug":"webinar-cegah-penyebaran-covid19-dengan-penanganan-pangan-aman","tags":["TAG-PRAKERJA"],"topics":[],"totalRating":0,"transactional":"TRANSACTIONABLE_YES","updatedAt":"2020-09-04 05:13:37.910485 +0000 UTC"},{"basePrice":100000,"categories":[],"courseDescription":"Jadwal: Senin, 10 Agustus 2020\u003cbr\u003ePukul: 13.00-14.00 WIB\u003cbr\u003eJadi pebisnis harus siap menghadapi masalah dan krisis. Tidak ada bisnis yang selalu tenang-tenang saja keadaannya. Namun justru dengan kondisi inilah seorang pebisnis dan pengusaha akan menjadi semakin kuat mentalnya. Tentu saja menjadi pebisnis yang tahan krisis tidak cukup hanya bermodal semangat saja. Kamu harus tahu strategi serta tips untuk bisa bekerja secara efektif dalam kondisi apapun, baik di saat mudah maupun sulit. Yuk bergabung di kelas ini! Catat ya…. program ini didukung oleh MarkPlus, konsultan pemasaran pertama di Indonesia dengan pengalaman 30 tahun. Jadi, jangan lewatkan!\u003cbr\u003e\u003cbr\u003e\u003cb\u003ePERHATIAN\u003c/b\u003e\u003cbr\u003e1.Jika terjadi kesalahan dalam pembelian, pihak Skill Academy tidak melayani pengembalian dana (refund) dengan alasan apapun\u003cbr\u003e2. Sebelum membeli, harap baca deskripsi program dengan saksama, khususnya jadwal pelatihan\u003cbr\u003e3. Program pelatihan yang dibeli menggunakan Kartu Prakerja tidak dapat dipindahtangankan. Jika terjadi hal tersebut, pihak penyelenggara pelatihan berhak untuk tidak memberikan sertifikat\u003cbr\u003e4. Khusus untuk pengguna Kartu Prakerja, pastikan nama, alamat email, dan nomor HP yang terdaftar di Skill Academy sesuai dengan data Prakerja kamu\u003cbr\u003e\u003cbr\u003e\u003cb\u003eCara Redeem Voucher:\u003c/b\u003e\u003cbr\u003eSetelah melakukan transaksi, wajib daftarkan diri Anda pada link berikut: bit.ly/markplusinstitutexsa.","courseName":"Webinar: Langkah Jitu membuat perencanaan SMART untuk Mencapai Tujuan Anda","courseSerial":"PROG-E297MWWV","createdAt":"2020-05-12 04:09:08.691105 +0000 UTC","imageUrl":"https://skillacademy-prod.s3.ap-southeast-1.amazonaws.com/offline-marketplace/Background_MarkPlus.jpg","instructors":[{"description":"MarkPlus Institute adalah pionir dari institusi pelatihan keahlian profesional dan industrial sejak Mei 1990. Kami menyajikan metode belajar “Omni” dengan racikan personifikasi, kontekstual, interaktif dan terukur yang seimbang. MarkPlus Institute meningkatkan kompetensi sumber daya manusia Indonesia dengan membawa penget... (set the log level to DEBUG or TRACE to see the full content) 
 </msg>
<msg timestamp="20220204 21:18:47.345" level="INFO">${response} = &lt;Response [200]&gt;</msg>
<status status="PASS" starttime="20220204 21:18:46.991" endtime="20220204 21:18:47.345"/>
</kw>
<kw name="Convert To String" library="std">
<var>${status_code}</var>
<arg>${response.status_code}</arg>
<doc>Converts the given item to a Unicode string.</doc>
<msg timestamp="20220204 21:18:47.346" level="WARN">Keyword 'Convert To String' found both from a custom test library 'BuiltIn' imported as 'std' and a standard library 'BuiltIn'. The custom keyword is used. To select explicitly, and to get rid of this warning, use either 'std.Convert To String' or 'BuiltIn.Convert To String'.</msg>
<msg timestamp="20220204 21:18:47.347" level="INFO">${status_code} = 200</msg>
<status status="PASS" starttime="20220204 21:18:47.346" endtime="20220204 21:18:47.347"/>
</kw>
<kw name="Should Be Equal" library="std">
<arg>${status_code}</arg>
<arg>200</arg>
<doc>Fails if the given objects are unequal.</doc>
<msg timestamp="20220204 21:18:47.348" level="WARN">Keyword 'Should Be Equal' found both from a custom test library 'BuiltIn' imported as 'std' and a standard library 'BuiltIn'. The custom keyword is used. To select explicitly, and to get rid of this warning, use either 'std.Should Be Equal' or 'BuiltIn.Should Be Equal'.</msg>
<status status="PASS" starttime="20220204 21:18:47.348" endtime="20220204 21:18:47.349"/>
</kw>
<kw name="Get From Dictionary" library="collection">
<var>${contentTypeValue}</var>
<arg>${response.headers}</arg>
<arg>Content-Type</arg>
<doc>Returns a value from the given ``dictionary`` based on the given ``key``.</doc>
<msg timestamp="20220204 21:18:47.350" level="INFO">${contentTypeValue} = application/json</msg>
<status status="PASS" starttime="20220204 21:18:47.349" endtime="20220204 21:18:47.350"/>
</kw>
<kw name="Should Be Equal" library="std">
<arg>${contentTypeValue}</arg>
<arg>application/json</arg>
<doc>Fails if the given objects are unequal.</doc>
<msg timestamp="20220204 21:18:47.351" level="WARN">Keyword 'Should Be Equal' found both from a custom test library 'BuiltIn' imported as 'std' and a standard library 'BuiltIn'. The custom keyword is used. To select explicitly, and to get rid of this warning, use either 'std.Should Be Equal' or 'BuiltIn.Should Be Equal'.</msg>
<status status="PASS" starttime="20220204 21:18:47.351" endtime="20220204 21:18:47.351"/>
</kw>
<kw name="Convert To String" library="std">
<var>${body}</var>
<arg>${response.content}</arg>
<doc>Converts the given item to a Unicode string.</doc>
<msg timestamp="20220204 21:18:47.352" level="WARN">Keyword 'Convert To String' found both from a custom test library 'BuiltIn' imported as 'std' and a standard library 'BuiltIn'. The custom keyword is used. To select explicitly, and to get rid of this warning, use either 'std.Convert To String' or 'BuiltIn.Convert To String'.</msg>
<msg timestamp="20220204 21:18:47.362" level="INFO">${body} = {"data":{"data":[{"basePrice":300000,"categories":[],"courseDescription":"Jadwal kelas terdiri dari 1 sesi\u003cbr\u003eHari/Tanggal: Rabu, 29 Juli 2020\u003cbr\u003ePukul: 09.00-10.30 WIB\u003cbr\u00...</msg>
<status status="PASS" starttime="20220204 21:18:47.352" endtime="20220204 21:18:47.363"/>
</kw>
<kw name="Should Contain" library="std">
<arg>${body}</arg>
<arg>${skillavailableapi}</arg>
<doc>Fails if ``container`` does not contain ``item`` one or more times.</doc>
<msg timestamp="20220204 21:18:47.363" level="WARN">Keyword 'Should Contain' found both from a custom test library 'BuiltIn' imported as 'std' and a standard library 'BuiltIn'. The custom keyword is used. To select explicitly, and to get rid of this warning, use either 'std.Should Contain' or 'BuiltIn.Should Contain'.</msg>
<status status="PASS" starttime="20220204 21:18:47.363" endtime="20220204 21:18:47.364"/>
</kw>
<status status="PASS" starttime="20220204 21:18:46.990" endtime="20220204 21:18:47.364"/>
</kw>
<kw name="Based on keyword page pageSize" library="keywordsApi">
<kw name="Create Session" library="request">
<arg>skillacademy</arg>
<arg>${url_skillacademy}</arg>
<arg>verify=true</arg>
<doc>Create Session: create a HTTP session to a server</doc>
<msg timestamp="20220204 21:18:47.366" level="INFO">Creating Session using : alias=skillacademy, url=https://skillacademy.com/, headers={},                     cookies={}, auth=None, timeout=None, proxies=None, verify=True,                     debug=0 </msg>
<status status="PASS" starttime="20220204 21:18:47.365" endtime="20220204 21:18:47.366"/>
</kw>
<kw name="Get Request" library="request">
<var>${response}</var>
<arg>skillacademy</arg>
<arg>api/skillacademy/discovery/search?keyword=${skillavailableapi}&amp;page=${page}&amp;pageSize=${pageSize}</arg>
<doc>*DEPRECATED* Please use `GET On Session` instead.</doc>
<msg timestamp="20220204 21:18:47.366" level="WARN">Keyword 'request.Get Request' is deprecated. Please use `GET On Session` instead.</msg>
<msg timestamp="20220204 21:18:47.802" level="INFO">GET Request : url=https://skillacademy.com/api/skillacademy/discovery/search?keyword=bahasa&amp;page=2&amp;pageSize=2 
 path_url=/api/skillacademy/discovery/search?keyword=bahasa&amp;page=2&amp;pageSize=2 
 headers={'User-Agent': 'python-requests/2.27.1', 'Accept-Encoding': 'gzip, deflate', 'Accept': '*/*', 'Connection': 'keep-alive'} 
 body=None 
 </msg>
<msg timestamp="20220204 21:18:47.802" level="INFO">GET Response : url=https://skillacademy.com/api/skillacademy/discovery/search?keyword=bahasa&amp;page=2&amp;pageSize=2 
 status=200, reason=OK 
 headers={'Date': 'Fri, 04 Feb 2022 14:18:47 GMT', 'Content-Type': 'application/json', 'Transfer-Encoding': 'chunked', 'Connection': 'keep-alive', 'grpc-metadata-content-type': 'application/grpc', 'vary': 'Origin, Origin, Accept-Encoding', 'access-control-allow-origin': '*', 'cf-cache-status': 'DYNAMIC', 'expect-ct': 'max-age=604800, report-uri="https://report-uri.cloudflare.com/cdn-cgi/beacon/expect-ct"', 'content-encoding': 'gzip', 'Server': 'cloudflare', 'CF-RAY': '6d8487bef98a4d45-SIN'} 
 body={"data":{"data":[{"basePrice":100000,"categories":[],"courseDescription":"Jadwal: Senin, 10 Agustus 2020\u003cbr\u003ePukul: 13.00-14.00 WIB\u003cbr\u003eJadi pebisnis harus siap menghadapi masalah dan krisis. Tidak ada bisnis yang selalu tenang-tenang saja keadaannya. Namun justru dengan kondisi inilah seorang pebisnis dan pengusaha akan menjadi semakin kuat mentalnya. Tentu saja menjadi pebisnis yang tahan krisis tidak cukup hanya bermodal semangat saja. Kamu harus tahu strategi serta tips untuk bisa bekerja secara efektif dalam kondisi apapun, baik di saat mudah maupun sulit. Yuk bergabung di kelas ini! Catat ya…. program ini didukung oleh MarkPlus, konsultan pemasaran pertama di Indonesia dengan pengalaman 30 tahun. Jadi, jangan lewatkan!\u003cbr\u003e\u003cbr\u003e\u003cb\u003ePERHATIAN\u003c/b\u003e\u003cbr\u003e1.Jika terjadi kesalahan dalam pembelian, pihak Skill Academy tidak melayani pengembalian dana (refund) dengan alasan apapun\u003cbr\u003e2. Sebelum membeli, harap baca deskripsi program dengan saksama, khususnya jadwal pelatihan\u003cbr\u003e3. Program pelatihan yang dibeli menggunakan Kartu Prakerja tidak dapat dipindahtangankan. Jika terjadi hal tersebut, pihak penyelenggara pelatihan berhak untuk tidak memberikan sertifikat\u003cbr\u003e4. Khusus untuk pengguna Kartu Prakerja, pastikan nama, alamat email, dan nomor HP yang terdaftar di Skill Academy sesuai dengan data Prakerja kamu\u003cbr\u003e\u003cbr\u003e\u003cb\u003eCara Redeem Voucher:\u003c/b\u003e\u003cbr\u003eSetelah melakukan transaksi, wajib daftarkan diri Anda pada link berikut: bit.ly/markplusinstitutexsa.","courseName":"Webinar: Langkah Jitu membuat perencanaan SMART untuk Mencapai Tujuan Anda","courseSerial":"PROG-E297MWWV","createdAt":"2020-05-12 04:09:08.691105 +0000 UTC","imageUrl":"https://skillacademy-prod.s3.ap-southeast-1.amazonaws.com/offline-marketplace/Background_MarkPlus.jpg","instructors":[{"description":"MarkPlus Institute adalah pionir dari institusi pelatihan keahlian profesional dan industrial sejak Mei 1990. Kami menyajikan metode belajar “Omni” dengan racikan personifikasi, kontekstual, interaktif dan terukur yang seimbang. MarkPlus Institute meningkatkan kompetensi sumber daya manusia Indonesia dengan membawa pengetahuan pemasaran global yang dikemas dalam sesi pelatihan yang berkelas. MarkPlus Institute menyediakan jalan bagi para klien untuk melengkapi keahlian dan keunggulan kompetitif di tahap pendidikan, profesional, dan entrepeneur yang dikemas lengkap dalam tiga topik utama pelatihan: pemasaran, kewirausahaan, dan bisnis. Topik-topik utama pelatihan ini terbagi menjadi sesi-sesi pelatihan yang informatif dan aplikatif di dunia bisnis untuk level operasional, manajerial, dan stratejik. Topik-topik pelatihan disusun dengan detail untuk menyesuaikan kebutuhan pelatihan khusus industri, pelatihan publik, dan sesi belajar mandiri dalam platform online di markplusinstitute.com.","jobTitle":"","name":"MarkPlus Institute","profilePicture":"https://skillacademyprod.s3.apsoutheast1.amazonaws.com/offlinemarketplace/Icon_MarkPlus.jpg"}],"introductionVideoThumbnailURL":"https://skillacademy-prod.s3.ap-southeast-1.amazonaws.com/offline-marketplace/Small_MarkPlus.jpg","introductionVideoURL":"https://skillacademy-prod.s3.ap-southeast-1.amazonaws.com/offline-marketplace/Large_MarkPlus.jpg","isSubscribed":false,"location":["JAWA BARAT","KOTA JAKARTA PUSAT"],"marketType":"OFFLINE","merchantSerial":"MERC-B1PVVF46","price":100000,"rating":0,"slug":"webinar-langkah-jitu-membuat-perencanaan-smart-untuk-mencapai-tujuan-anda","tags":[],"topics":[],"totalRating":0,"transactional":"TRANSACTIONABLE_YES","updatedAt":"2020-08-25 02:41:24.707378 +0000 UTC"},{"basePrice":300000,"categories":[],"courseDescription":"Proses check In dan check out sebuah hotel merupakan materi yang sangat penting sebagai seorang frontliner. Front office / Kantor depan adalah wajah hotel yang pertama kali memberikan kesan hangat bagi tamu-tamunya, begitu juga kesan terakhir yang mampu untuk tamu mendatangkan kembali tamu serta anak keluarganya. \u003cbr\u003e\u003cbr\u003e \u003cb\u003e PERHATIAN \u003c/b\u003e \u003cbr\u003e 1. Jika terjadi kesalahan dalam pembelian, pihak Skill Academy tidak melayani pengembalian dana (refund) dengan alasan apapun \u003cbr\u003e 2. Sebelum membeli, harap baca deskripsi program dengan saksama, khususnya jadwal pelatihan \u003cbr\u003e 3. Program pelatihan yang dibeli menggunakan Kartu Prakerja tidak dapat dipindahtangankan. Jika terjadi hal tersebut, pihak penyelenggara pelatihan berhak untuk tidak memberikan sertifikat \u003cbr\u003e 4. Khusus untuk pengguna Kartu Prakerja, pastikan nama, alamat email, dan nomor HP yang terdaftar di Skill Academy sesuai dengan data Prakerja Anda. \u003cbr\u003e\u003cbr\u003e \u003cb\u003eCara Redeem Voucher:\u003c/b\u003e \u003cbr\u003e 1. Setelah selesai melakukan pembelian, kunjungi halaman \"Kelas Saya\" untuk melihat kode voucher kamu. \u003cbr\u003e 2. Lalu setelah itu, daftarkan diri kamu dan masukkan kode voucher di form yang telah disediakan \u003cbr\u003e 2. Tim MyEduSolve akan menghubungi kamu untuk pelaksanaan kelas.","courseName":"Webinar: Perhotelan: Cara menghandle prosedur check in dan check out","courseSerial":"PROG-C798TBXW","createdAt":"2020-07-17 06:21:18.919288 +0000 UTC","imageUrl":"https://skillacademy-prod.s3.ap-southeast-1.amazonaws.com/offline-marketplace/MyEduSolve_Image.jpg","instructors":[{"description":"MyEduSolve is an edu-tech company focused on transforming Indonesia workforce through digital literacy. We offer a range of products which includes internationally recognized certifications, course preparations and digital literacy training.","jobTitle":"","name":"MyEduSolve","profilePicture":"https://skillacademy-prod-image.skillacademy.com/offline-marketplace/Icon+MyEduSolve.png"}],"introductionVideoThumbnailURL":"https://skillacademy-prod.s3.ap-southeast-1.amazonaws.com/offline-marketplace/Check_in_Hotel.jpg","introductionVideoURL":"https://skillacademy-prod.s3.ap-southeast-1.amazonaws.com/offline-marketplace/Check_in_Hotel_Large.jpg","isSubscribed":false,"location":["DKI JAKARTA","KOTA JAKARTA BARAT"],"marketType":"OFFLINE","merchantSerial":"MERC-VLIIJTKR","price":300000,"rating":0,"slug":"webinar-perhotelan-cara-menghandle-prosedur-check-in-dan-check-out","tags":[],"topics":[],"totalRating":0,"transactional":"TRANSACTIONABLE_YES","updatedAt":"2020-07-20 13:37:53.439155 +0000 UTC"}],"page":2,"pageSize":2,"recommendationID":"","searchAlgoID":"","totalCourse":519,"totalPage":260},"status":"success","message":"success"} 
 </msg>
<msg timestamp="20220204 21:18:47.802" level="INFO">${response} = &lt;Response [200]&gt;</msg>
<status status="PASS" starttime="20220204 21:18:47.366" endtime="20220204 21:18:47.802"/>
</kw>
<kw name="Convert To String" library="std">
<var>${status_code}</var>
<arg>${response.status_code}</arg>
<doc>Converts the given item to a Unicode string.</doc>
<msg timestamp="20220204 21:18:47.802" level="WARN">Keyword 'Convert To String' found both from a custom test library 'BuiltIn' imported as 'std' and a standard library 'BuiltIn'. The custom keyword is used. To select explicitly, and to get rid of this warning, use either 'std.Convert To String' or 'BuiltIn.Convert To String'.</msg>
<msg timestamp="20220204 21:18:47.803" level="INFO">${status_code} = 200</msg>
<status status="PASS" starttime="20220204 21:18:47.802" endtime="20220204 21:18:47.803"/>
</kw>
<kw name="Should Be Equal" library="std">
<arg>${status_code}</arg>
<arg>200</arg>
<doc>Fails if the given objects are unequal.</doc>
<msg timestamp="20220204 21:18:47.803" level="WARN">Keyword 'Should Be Equal' found both from a custom test library 'BuiltIn' imported as 'std' and a standard library 'BuiltIn'. The custom keyword is used. To select explicitly, and to get rid of this warning, use either 'std.Should Be Equal' or 'BuiltIn.Should Be Equal'.</msg>
<status status="PASS" starttime="20220204 21:18:47.803" endtime="20220204 21:18:47.803"/>
</kw>
<kw name="Get From Dictionary" library="collection">
<var>${contentTypeValue}</var>
<arg>${response.headers}</arg>
<arg>Content-Type</arg>
<doc>Returns a value from the given ``dictionary`` based on the given ``key``.</doc>
<msg timestamp="20220204 21:18:47.804" level="INFO">${contentTypeValue} = application/json</msg>
<status status="PASS" starttime="20220204 21:18:47.804" endtime="20220204 21:18:47.804"/>
</kw>
<kw name="Should Be Equal" library="std">
<arg>${contentTypeValue}</arg>
<arg>application/json</arg>
<doc>Fails if the given objects are unequal.</doc>
<msg timestamp="20220204 21:18:47.804" level="WARN">Keyword 'Should Be Equal' found both from a custom test library 'BuiltIn' imported as 'std' and a standard library 'BuiltIn'. The custom keyword is used. To select explicitly, and to get rid of this warning, use either 'std.Should Be Equal' or 'BuiltIn.Should Be Equal'.</msg>
<status status="PASS" starttime="20220204 21:18:47.804" endtime="20220204 21:18:47.805"/>
</kw>
<kw name="Convert To String" library="std">
<var>${body}</var>
<arg>${response.content}</arg>
<doc>Converts the given item to a Unicode string.</doc>
<msg timestamp="20220204 21:18:47.805" level="WARN">Keyword 'Convert To String' found both from a custom test library 'BuiltIn' imported as 'std' and a standard library 'BuiltIn'. The custom keyword is used. To select explicitly, and to get rid of this warning, use either 'std.Convert To String' or 'BuiltIn.Convert To String'.</msg>
<msg timestamp="20220204 21:18:47.807" level="INFO">${body} = {"data":{"data":[{"basePrice":100000,"categories":[],"courseDescription":"Jadwal: Senin, 10 Agustus 2020\u003cbr\u003ePukul: 13.00-14.00 WIB\u003cbr\u003eJadi pebisnis harus siap menghadapi masalah da...</msg>
<status status="PASS" starttime="20220204 21:18:47.805" endtime="20220204 21:18:47.807"/>
</kw>
<kw name="Should Contain" library="std">
<arg>${body}</arg>
<arg>${skillavailableapi}</arg>
<doc>Fails if ``container`` does not contain ``item`` one or more times.</doc>
<msg timestamp="20220204 21:18:47.807" level="WARN">Keyword 'Should Contain' found both from a custom test library 'BuiltIn' imported as 'std' and a standard library 'BuiltIn'. The custom keyword is used. To select explicitly, and to get rid of this warning, use either 'std.Should Contain' or 'BuiltIn.Should Contain'.</msg>
<msg timestamp="20220204 21:18:47.808" level="FAIL">'{"data":{"data":[{"basePrice":100000,"categories":[],"courseDescription":"Jadwal: Senin, 10 Agustus 2020\u003cbr\u003ePukul: 13.00-14.00 WIB\u003cbr\u003eJadi pebisnis harus siap menghadapi masalah dan krisis. Tidak ada bisnis yang selalu tenang-tenang saja keadaannya. Namun justru dengan kondisi inilah seorang pebisnis dan pengusaha akan menjadi semakin kuat mentalnya. Tentu saja menjadi pebisnis yang tahan krisis tidak cukup hanya bermodal semangat saja. Kamu harus tahu strategi serta tips untuk bisa bekerja secara efektif dalam kondisi apapun, baik di saat mudah maupun sulit. Yuk bergabung di kelas ini! Catat ya\xe2\x80\xa6. program ini didukung oleh MarkPlus, konsultan pemasaran pertama di Indonesia dengan pengalaman 30 tahun. Jadi, jangan lewatkan!\u003cbr\u003e\u003cbr\u003e\u003cb\u003ePERHATIAN\u003c/b\u003e\u003cbr\u003e1.Jika terjadi kesalahan dalam pembelian, pihak Skill Academy tidak melayani pengembalian dana (refund) dengan alasan apapun\u003cbr\u003e2. Sebelum membeli, harap baca deskripsi program dengan saksama, khususnya jadwal pelatihan\u003cbr\u003e3. Program pelatihan yang dibeli menggunakan Kartu Prakerja tidak dapat dipindahtangankan. Jika terjadi hal tersebut, pihak penyelenggara pelatihan berhak untuk tidak memberikan sertifikat\u003cbr\u003e4. Khusus untuk pengguna Kartu Prakerja, pastikan nama, alamat email, dan nomor HP yang terdaftar di Skill Academy sesuai dengan data Prakerja kamu\u003cbr\u003e\u003cbr\u003e\u003cb\u003eCara Redeem Voucher:\u003c/b\u003e\u003cbr\u003eSetelah melakukan transaksi, wajib daftarkan diri Anda pada link berikut: bit.ly/markplusinstitutexsa.","courseName":"Webinar: Langkah Jitu membuat perencanaan SMART untuk Mencapai Tujuan Anda","courseSerial":"PROG-E297MWWV","createdAt":"2020-05-12 04:09:08.691105 +0000 UTC","imageUrl":"https://skillacademy-prod.s3.ap-southeast-1.amazonaws.com/offline-marketplace/Background_MarkPlus.jpg","instructors":[{"description":"MarkPlus Institute adalah pionir dari institusi pelatihan keahlian profesional dan industrial sejak Mei 1990. Kami menyajikan metode belajar \xe2\x80\x9cOmni\xe2\x80\x9d dengan racikan personifikasi, kontekstual, interaktif dan terukur yang seimbang. MarkPlus Institute meningkatkan kompetensi sumber daya manusia Indonesia dengan membawa pengetahuan pemasaran global yang dikemas dalam sesi pelatihan yang berkelas. MarkPlus Institute menyediakan jalan bagi para klien untuk melengkapi keahlian dan keunggulan kompetitif di tahap pendidikan, profesional, dan entrepeneur yang dikemas lengkap dalam tiga topik utama pelatihan: pemasaran, kewirausahaan, dan bisnis. Topik-topik utama pelatihan ini terbagi menjadi sesi-sesi pelatihan yang informatif dan aplikatif di dunia bisnis untuk level operasional, manajerial, dan stratejik. Topik-topik pelatihan disusun dengan detail untuk menyesuaikan kebutuhan pelatihan khusus industri, pelatihan publik, dan sesi belajar mandiri dalam platform online di markplusinstitute.com.","jobTitle":"","name":"MarkPlus Institute","profilePicture":"https://skillacademyprod.s3.apsoutheast1.amazonaws.com/offlinemarketplace/Icon_MarkPlus.jpg"}],"introductionVideoThumbnailURL":"https://skillacademy-prod.s3.ap-southeast-1.amazonaws.com/offline-marketplace/Small_MarkPlus.jpg","introductionVideoURL":"https://skillacademy-prod.s3.ap-southeast-1.amazonaws.com/offline-marketplace/Large_MarkPlus.jpg","isSubscribed":false,"location":["JAWA BARAT","KOTA JAKARTA PUSAT"],"marketType":"OFFLINE","merchantSerial":"MERC-B1PVVF46","price":100000,"rating":0,"slug":"webinar-langkah-jitu-membuat-perencanaan-smart-untuk-mencapai-tujuan-anda","tags":[],"topics":[],"totalRating":0,"transactional":"TRANSACTIONABLE_YES","updatedAt":"2020-08-25 02:41:24.707378 +0000 UTC"},{"basePrice":300000,"categories":[],"courseDescription":"Proses check In dan check out sebuah hotel merupakan materi yang sangat penting sebagai seorang frontliner. Front office / Kantor depan adalah wajah hotel yang pertama kali memberikan kesan hangat bagi tamu-tamunya, begitu juga kesan terakhir yang mampu untuk tamu mendatangkan kembali tamu serta anak keluarganya. \u003cbr\u003e\u003cbr\u003e \u003cb\u003e PERHATIAN \u003c/b\u003e \u003cbr\u003e 1. Jika terjadi kesalahan dalam pembelian, pihak Skill Academy tidak melayani pengembalian dana (refund) dengan alasan apapun \u003cbr\u003e 2. Sebelum membeli, harap baca deskripsi program dengan saksama, khususnya jadwal pelatihan \u003cbr\u003e 3. Program pelatihan yang dibeli menggunakan Kartu Prakerja tidak dapat dipindahtangankan. Jika terjadi hal tersebut, pihak penyelenggara pelatihan berhak untuk tidak memberikan sertifikat \u003cbr\u003e 4. Khusus untuk pengguna Kartu Prakerja, pastikan nama, alamat email, dan nomor HP yang terdaftar di Skill Academy sesuai dengan data Prakerja Anda. \u003cbr\u003e\u003cbr\u003e \u003cb\u003eCara Redeem Voucher:\u003c/b\u003e \u003cbr\u003e 1. Setelah selesai melakukan pembelian, kunjungi halaman \"Kelas Saya\" untuk melihat kode voucher kamu. \u003cbr\u003e 2. Lalu setelah itu, daftarkan diri kamu dan masukkan kode voucher di form yang telah disediakan \u003cbr\u003e 2. Tim MyEduSolve akan menghubungi kamu untuk pelaksanaan kelas.","courseName":"Webinar: Perhotelan: Cara menghandle prosedur check in dan check out","courseSerial":"PROG-C798TBXW","createdAt":"2020-07-17 06:21:18.919288 +0000 UTC","imageUrl":"https://skillacademy-prod.s3.ap-southeast-1.amazonaws.com/offline-marketplace/MyEduSolve_Image.jpg","instructors":[{"description":"MyEduSolve is an edu-tech company focused on transforming Indonesia workforce through digital literacy. We offer a range of products which includes internationally recognized certifications, course preparations and digital literacy training.","jobTitle":"","name":"MyEduSolve","profilePicture":"https://skillacademy-prod-image.skillacademy.com/offline-marketplace/Icon+MyEduSolve.png"}],"introductionVideoThumbnailURL":"https://skillacademy-prod.s3.ap-southeast-1.amazonaws.com/offline-marketplace/Check_in_Hotel.jpg","introductionVideoURL":"https://skillacademy-prod.s3.ap-southeast-1.amazonaws.com/offline-marketplace/Check_in_Hotel_Large.jpg","isSubscribed":false,"location":["DKI JAKARTA","KOTA JAKARTA BARAT"],"marketType":"OFFLINE","merchantSerial":"MERC-VLIIJTKR","price":300000,"rating":0,"slug":"webinar-perhotelan-cara-menghandle-prosedur-check-in-dan-check-out","tags":[],"topics":[],"totalRating":0,"transactional":"TRANSACTIONABLE_YES","updatedAt":"2020-07-20 13:37:53.439155 +0000 UTC"}],"page":2,"pageSize":2,"recommendationID":"","searchAlgoID":"","totalCourse":519,"totalPage":260},"status":"success","message":"success"}' does not contain 'bahasa'</msg>
<status status="FAIL" starttime="20220204 21:18:47.807" endtime="20220204 21:18:47.808"/>
</kw>
<kw name="Set Variable" library="std">
<var>${json}</var>
<arg>${response.json()}</arg>
<doc>Returns the given values which can then be assigned to a variables.</doc>
<status status="NOT RUN" starttime="20220204 21:18:47.808" endtime="20220204 21:18:47.808"/>
</kw>
<kw name="Should Be Equal As Strings" library="std">
<arg>${json['data']['page']}</arg>
<arg>${page}</arg>
<doc>Fails if objects are unequal after converting them to strings.</doc>
<status status="NOT RUN" starttime="20220204 21:18:47.809" endtime="20220204 21:18:47.809"/>
</kw>
<kw name="Should Be Equal As Strings" library="std">
<arg>${json['data']['pageSize']}</arg>
<arg>${pageSize}</arg>
<doc>Fails if objects are unequal after converting them to strings.</doc>
<status status="NOT RUN" starttime="20220204 21:18:47.809" endtime="20220204 21:18:47.809"/>
</kw>
<kw name="Should Be Equal As Strings" library="std">
<arg>${json['status']}</arg>
<arg>${success}</arg>
<doc>Fails if objects are unequal after converting them to strings.</doc>
<status status="NOT RUN" starttime="20220204 21:18:47.809" endtime="20220204 21:18:47.809"/>
</kw>
<kw name="Should Be Equal As Strings" library="std">
<arg>${json['message']}</arg>
<arg>${success}</arg>
<doc>Fails if objects are unequal after converting them to strings.</doc>
<status status="NOT RUN" starttime="20220204 21:18:47.809" endtime="20220204 21:18:47.809"/>
</kw>
<status status="FAIL" starttime="20220204 21:18:47.364" endtime="20220204 21:18:47.809"/>
</kw>
<kw name="Based on keyword price duration rating" library="keywordsApi">
<status status="NOT RUN" starttime="20220204 21:18:47.810" endtime="20220204 21:18:47.810"/>
</kw>
<status status="FAIL" starttime="20220204 21:18:46.989" endtime="20220204 21:18:47.810">'{"data":{"data":[{"basePrice":100000,"categories":[],"courseDescription":"Jadwal: Senin, 10 Agustus 2020\u003cbr\u003ePukul: 13.00-14.00 WIB\u003cbr\u003eJadi pebisnis harus siap menghadapi masalah dan krisis. Tidak ada bisnis yang selalu tenang-tenang saja keadaannya. Namun justru dengan kondisi inilah seorang pebisnis dan pengusaha akan menjadi semakin kuat mentalnya. Tentu saja menjadi pebisnis yang tahan krisis tidak cukup hanya bermodal semangat saja. Kamu harus tahu strategi serta tips untuk bisa bekerja secara efektif dalam kondisi apapun, baik di saat mudah maupun sulit. Yuk bergabung di kelas ini! Catat ya\xe2\x80\xa6. program ini didukung oleh MarkPlus, konsultan pemasaran pertama di Indonesia dengan pengalaman 30 tahun. Jadi, jangan lewatkan!\u003cbr\u003e\u003cbr\u003e\u003cb\u003ePERHATIAN\u003c/b\u003e\u003cbr\u003e1.Jika terjadi kesalahan dalam pembelian, pihak Skill Academy tidak melayani pengembalian dana (refund) dengan alasan apapun\u003cbr\u003e2. Sebelum membeli, harap baca deskripsi program dengan saksama, khususnya jadwal pelatihan\u003cbr\u003e3. Program pelatihan yang dibeli menggunakan Kartu Prakerja tidak dapat dipindahtangankan. Jika terjadi hal tersebut, pihak penyelenggara pelatihan berhak untuk tidak memberikan sertifikat\u003cbr\u003e4. Khusus untuk pengguna Kartu Prakerja, pastikan nama, alamat email, dan nomor HP yang terdaftar di Skill Academy sesuai dengan data Prakerja kamu\u003cbr\u003e\u003cbr\u003e\u003cb\u003eCara Redeem Voucher:\u003c/b\u003e\u003cbr\u003eSetelah melakukan transaksi, wajib...
    [ Message content over the limit has been removed. ]
...n \u003cbr\u003e 2. Tim MyEduSolve akan menghubungi kamu untuk pelaksanaan kelas.","courseName":"Webinar: Perhotelan: Cara menghandle prosedur check in dan check out","courseSerial":"PROG-C798TBXW","createdAt":"2020-07-17 06:21:18.919288 +0000 UTC","imageUrl":"https://skillacademy-prod.s3.ap-southeast-1.amazonaws.com/offline-marketplace/MyEduSolve_Image.jpg","instructors":[{"description":"MyEduSolve is an edu-tech company focused on transforming Indonesia workforce through digital literacy. We offer a range of products which includes internationally recognized certifications, course preparations and digital literacy training.","jobTitle":"","name":"MyEduSolve","profilePicture":"https://skillacademy-prod-image.skillacademy.com/offline-marketplace/Icon+MyEduSolve.png"}],"introductionVideoThumbnailURL":"https://skillacademy-prod.s3.ap-southeast-1.amazonaws.com/offline-marketplace/Check_in_Hotel.jpg","introductionVideoURL":"https://skillacademy-prod.s3.ap-southeast-1.amazonaws.com/offline-marketplace/Check_in_Hotel_Large.jpg","isSubscribed":false,"location":["DKI JAKARTA","KOTA JAKARTA BARAT"],"marketType":"OFFLINE","merchantSerial":"MERC-VLIIJTKR","price":300000,"rating":0,"slug":"webinar-perhotelan-cara-menghandle-prosedur-check-in-dan-check-out","tags":[],"topics":[],"totalRating":0,"transactional":"TRANSACTIONABLE_YES","updatedAt":"2020-07-20 13:37:53.439155 +0000 UTC"}],"page":2,"pageSize":2,"recommendationID":"","searchAlgoID":"","totalCourse":519,"totalPage":260},"status":"success","message":"success"}' does not contain 'bahasa'</status>
</test>
<doc>Performs Testing Based On Keyword price duration rated</doc>
<status status="FAIL" starttime="20220204 21:18:46.914" endtime="20220204 21:18:47.810"/>
</suite>
<statistics>
<total>
<stat pass="0" fail="1" skip="0">All Tests</stat>
</total>
<tag>
</tag>
<suite>
<stat pass="0" fail="1" skip="0" id="s1" name="searchApi">searchApi</stat>
</suite>
</statistics>
<errors>
<msg timestamp="20220204 21:18:46.991" level="WARN">Keyword 'request.Get Request' is deprecated. Please use `GET On Session` instead.</msg>
<msg timestamp="20220204 21:18:47.346" level="WARN">Keyword 'Convert To String' found both from a custom test library 'BuiltIn' imported as 'std' and a standard library 'BuiltIn'. The custom keyword is used. To select explicitly, and to get rid of this warning, use either 'std.Convert To String' or 'BuiltIn.Convert To String'.</msg>
<msg timestamp="20220204 21:18:47.348" level="WARN">Keyword 'Should Be Equal' found both from a custom test library 'BuiltIn' imported as 'std' and a standard library 'BuiltIn'. The custom keyword is used. To select explicitly, and to get rid of this warning, use either 'std.Should Be Equal' or 'BuiltIn.Should Be Equal'.</msg>
<msg timestamp="20220204 21:18:47.351" level="WARN">Keyword 'Should Be Equal' found both from a custom test library 'BuiltIn' imported as 'std' and a standard library 'BuiltIn'. The custom keyword is used. To select explicitly, and to get rid of this warning, use either 'std.Should Be Equal' or 'BuiltIn.Should Be Equal'.</msg>
<msg timestamp="20220204 21:18:47.352" level="WARN">Keyword 'Convert To String' found both from a custom test library 'BuiltIn' imported as 'std' and a standard library 'BuiltIn'. The custom keyword is used. To select explicitly, and to get rid of this warning, use either 'std.Convert To String' or 'BuiltIn.Convert To String'.</msg>
<msg timestamp="20220204 21:18:47.363" level="WARN">Keyword 'Should Contain' found both from a custom test library 'BuiltIn' imported as 'std' and a standard library 'BuiltIn'. The custom keyword is used. To select explicitly, and to get rid of this warning, use either 'std.Should Contain' or 'BuiltIn.Should Contain'.</msg>
<msg timestamp="20220204 21:18:47.366" level="WARN">Keyword 'request.Get Request' is deprecated. Please use `GET On Session` instead.</msg>
<msg timestamp="20220204 21:18:47.802" level="WARN">Keyword 'Convert To String' found both from a custom test library 'BuiltIn' imported as 'std' and a standard library 'BuiltIn'. The custom keyword is used. To select explicitly, and to get rid of this warning, use either 'std.Convert To String' or 'BuiltIn.Convert To String'.</msg>
<msg timestamp="20220204 21:18:47.803" level="WARN">Keyword 'Should Be Equal' found both from a custom test library 'BuiltIn' imported as 'std' and a standard library 'BuiltIn'. The custom keyword is used. To select explicitly, and to get rid of this warning, use either 'std.Should Be Equal' or 'BuiltIn.Should Be Equal'.</msg>
<msg timestamp="20220204 21:18:47.804" level="WARN">Keyword 'Should Be Equal' found both from a custom test library 'BuiltIn' imported as 'std' and a standard library 'BuiltIn'. The custom keyword is used. To select explicitly, and to get rid of this warning, use either 'std.Should Be Equal' or 'BuiltIn.Should Be Equal'.</msg>
<msg timestamp="20220204 21:18:47.805" level="WARN">Keyword 'Convert To String' found both from a custom test library 'BuiltIn' imported as 'std' and a standard library 'BuiltIn'. The custom keyword is used. To select explicitly, and to get rid of this warning, use either 'std.Convert To String' or 'BuiltIn.Convert To String'.</msg>
<msg timestamp="20220204 21:18:47.807" level="WARN">Keyword 'Should Contain' found both from a custom test library 'BuiltIn' imported as 'std' and a standard library 'BuiltIn'. The custom keyword is used. To select explicitly, and to get rid of this warning, use either 'std.Should Contain' or 'BuiltIn.Should Contain'.</msg>
</errors>
</robot>
