<?xml version="1.0" encoding="UTF-8"?>
<robot generator="Robot 4.1.3 (Python 3.8.10 on linux)" generated="20220205 00:01:52.432" rpa="false" schemaversion="2">
<suite id="s1" name="searchApi" source="/home/haben/Documents/QA/LAB/ROBOT-TEST/testing-ruangguru/test/api/searchApi.robot">
<test id="s1-t1" name="Search api">
<kw name="Based on available" library="keywordsApi">
<kw name="Create Session" library="request">
<arg>skillacademy</arg>
<arg>${url_skillacademy}</arg>
<arg>verify=true</arg>
<doc>Create Session: create a HTTP session to a server</doc>
<msg timestamp="20220205 00:01:52.490" level="INFO">Creating Session using : alias=skillacademy, url=https://skillacademy.com/, headers={},                     cookies={}, auth=None, timeout=None, proxies=None, verify=True,                     debug=0 </msg>
<status status="PASS" starttime="20220205 00:01:52.490" endtime="20220205 00:01:52.491"/>
</kw>
<kw name="Get Request" library="request">
<var>${response}</var>
<arg>skillacademy</arg>
<arg>api/skillacademy/discovery/search?keyword=${skillavailableapi}</arg>
<doc>*DEPRECATED* Please use `GET On Session` instead.</doc>
<msg timestamp="20220205 00:01:52.491" level="WARN">Keyword 'request.Get Request' is deprecated. Please use `GET On Session` instead.</msg>
<msg timestamp="20220205 00:01:53.960" level="INFO">GET Request : url=https://skillacademy.com/api/skillacademy/discovery/search?keyword=bahasa 
 path_url=/api/skillacademy/discovery/search?keyword=bahasa 
 headers={'User-Agent': 'python-requests/2.27.1', 'Accept-Encoding': 'gzip, deflate', 'Accept': '*/*', 'Connection': 'keep-alive'} 
 body=None 
 </msg>
<msg timestamp="20220205 00:01:53.960" level="INFO">GET Response : url=https://skillacademy.com/api/skillacademy/discovery/search?keyword=bahasa 
 status=200, reason=OK 
 headers={'Date': 'Fri, 04 Feb 2022 17:01:53 GMT', 'Content-Type': 'application/json', 'Transfer-Encoding': 'chunked', 'Connection': 'keep-alive', 'grpc-metadata-content-type': 'application/grpc', 'vary': 'Origin, Origin, Accept-Encoding', 'access-control-allow-origin': '*', 'cf-cache-status': 'DYNAMIC', 'expect-ct': 'max-age=604800, report-uri="https://report-uri.cloudflare.com/cdn-cgi/beacon/expect-ct"', 'content-encoding': 'gzip', 'Server': 'cloudflare', 'CF-RAY': '6d8576a8aa386c35-SIN'} 
 body={"data":{"data":[{"basePrice":300000,"categories":[],"courseDescription":"Jadwal kelas terdiri dari 1 sesi\u003cbr\u003eHari/Tanggal: Rabu, 29 Juli 2020\u003cbr\u003ePukul: 09.00-10.30 WIB\u003cbr\u003ePlatform: Zoom\u003cbr\u003eKemampuan Presentasi dan berbicara di depan umum sangat berguna dalam banyak aspek pekerjaan dan kehidupan.ng dalam negosiasi, serta mengukur keberhasilan dalam bernegosiasi. Presentasi yang efektif dan keterampilan berbicara di depan umum penting dalam bisnis, penjualan, pelatihan, pengajaran, ceramah dan atau untuk menghibur penonton. Mengembangkan kepercayaan diri dan kemampuan untuk memberikan presentasi yang baik, dan berdiri di depan banyak orang dan berbicara dengan baik, juga merupakan kompetensi yang sangat membantu untuk pengembangan diri juga. Presentasi dan keterampilan berbicara di depan umum tidak terbatas pada orang-orang khusus tertentu – siapa pun dapat memberikan presentasi yang baik, atau berbicara di depan umum dengan standar profesional dan mengesankan.\u003cbr\u003e\u003cbr\u003e\u003cb\u003ePERHATIAN\u003c/b\u003e\u003cbr\u003e1.Jika terjadi kesalahan dalam pembelian, pihak Skill Academy tidak melayani pengembalian dana (refund) dengan alasan apapun\u003cbr\u003e2. Sebelum membeli, harap baca deskripsi program dengan saksama, khususnya jadwal pelatihan\u003cbr\u003e3. Program pelatihan yang dibeli menggunakan Kartu Prakerja tidak dapat dipindahtangankan. Jika terjadi hal tersebut, pihak penyelenggara pelatihan berhak untuk tidak memberikan sertifikat\u003cbr\u003e4. Khusus untuk pengguna Kartu Prakerja, pastikan nama, alamat email, dan nomor HP yang terdaftar di Skill Academy sesuai dengan data Prakerja kamu\u003cbr\u003e\u003cbr\u003e\u003cb\u003eCara Redeem Voucher:\u003c/b\u003e\u003cbr\u003eSetelah melakukan transaksi, harap menghubungi Polindo Madiun untuk konfirmasi reedem kelas.","courseName":"Webinar: Menguasai Teknik Berbicara di Depan Umum","courseSerial":"PROG-MD85SE24","createdAt":"2020-06-11 09:29:39.618604 +0000 UTC","imageUrl":"https://skillacademy-prod.s3.ap-southeast-1.amazonaws.com/offline-marketplace/01_background.jpg","instructors":[{"description":"Politeknik Indonesia berdiri di Madiun pada tahun 2011 sebagai lembaga yang berkonsentrasi pada pendidikan, pelatihan dan bursa kerja dalam upaya pengembangan sumber daya manusia. Politeknik Indonesia hadir untuk memenuhi kebutuhan pelatihan atau in house training pada instansi swasta danpemerintahan guna meningkatkan kompetensi SumberDaya Manusia. Hingga kini  Politeknik Indonesia aktif memberikan pendidikan dan pelatihan bagi peningkatan kualitas sumber daya manusia pada dunia pendidikan, instansi swasta, instansi pemerintah dan usaha industri berupa pelatihan soft skill maupun hard skill untuk peningkatan kinerja organisasi.","jobTitle":"","name":"Politeknik Indonesia Madiun","profilePicture":"https://skillacademy-prod.s3.ap-southeast-1.amazonaws.com/offline-marketplace/Icon_Madiun.png"}],"introductionVideoThumbnailURL":"https://skillacademy-prod.s3.ap-southeast-1.amazonaws.com/offline-marketplace/01_small.jpg","introductionVideoURL":"https://skillacademy-prod.s3.ap-southeast-1.amazonaws.com/offline-marketplace/01_large.jpg","isSubscribed":false,"location":["DAERAH ISTIMEWA YOGYAKARTA","KOTA YOGYAKARTA"],"marketType":"OFFLINE","merchantSerial":"MERC-KAVO21Q4","price":300000,"rating":0,"slug":"webinar-menguasai-teknik-berbicara-di-depan-umum","tags":[],"topics":[],"totalRating":0,"transactional":"TRANSACTIONABLE_YES","updatedAt":"2020-07-03 10:06:46.950665 +0000 UTC"},{"basePrice":1000000,"categories":[],"courseDescription":"Jadwal kelas terdiri dari 5 sesi dengan topik yang berbeda\u003cbr\u003eHari/Tanggal: Senin, 21 September 2020 - Jumat, 25 September 2020\u003cbr\u003ePukul: 10.00 - 11.30 WIB\u003cbr\u003ePlatform: Zoom\u003cbr\u003eWorld Health Organization (WHO) telah mengumumkan bahwa Corona Virus Disease (COVID-19) menjadi pandemi global karena semakin meluasnya penyebaran penyakit tersebut. Tempat Pengolahan Pangan adalah salah satu sektor yang terdampak besar akibat wabah COVID-19 ini, diantaranya rumah makan, restoran, hotel, jasa boga, dapur rumah sakit, salad bar pada ritel pangan, kantin/pujasera, para pelaku usaha UMKM Pangan dan bentuk Tempat Pengelolaan Pangan (TPP) lainnya.\u003cbr\u003eDampak pada TPP ini dirasakan salah satunya karena ketakutan masyarakat akan penyebaran Virus melalui penanganan pangan yang tidak baik dari Penjamah Makanan (Food Handler). Terkait dengan hal tersebut, penerapan higiene sanitasi sangat penting dilaksanakan untuk memastikan penyediaan pangan yang aman untuk dikonsumsi, tidak menyebabkan gangguan atau bahaya (dalam hal ini virus) terhadap kesehatan konsumen.\u003cbr\u003e\u003cbr\u003e Kelas ini terdiri dari beberapa course, yaitu : \u003cbr\u003e a ) Mengenal virus SARS-CoV-2 dan Potensi Bahaya Penyakit Covid-19 bagi Pengolah Makanan \u003cbr\u003e b) Tindakan Pencegahan Penyebaran Covid-19 di Tempat Pengolahan Pangan dengan Menerapkan Personal Higiene yang Baik Bagi Penjamah Makanan \u003cbr\u003e c) Memahami Karakteristik Pangan yang Aman dari Virus dan Bahaya Lainnya \u003cbr\u003e d) Menerapkan Cara Pengolahan Pangan yang Aman dari Virus dan Bahaya Lainnya \u003cbr\u003e e) Menerapkan Prinsip Kebersihan dan Sanitasi serta Proses Pengendalian Hama di Tempat Pengolahan Pangan.\u003cbr\u003e\u003cbr\u003e \u003cb\u003e PERHATIAN \u003c/b\u003e \u003cbr\u003e 1. Jika terjadi kesalahan dalam pembelian, pihak Skill Academy tidak melayani pengembalian dana (refund) dengan alasan apapun \u003cbr\u003e 2. Sebelum membeli, harap baca deskripsi program dengan saksama, khususnya jadwal pelatihan \u003cbr\u003e 3. Program pelatihan yang dibeli menggunakan Kartu Prakerja tidak dapat dipindahtangankan. Jika terjadi hal tersebut, pihak penyelenggara pelatihan berhak untuk tidak memberikan sertifikat \u003cbr\u003e 4. Khusus untuk pengguna Kartu Prakerja, pastikan nama, alamat email, dan nomor HP yang terdaftar di Skill Academy sesuai dengan data Prakerja Anda. \u003cbr\u003e\u003cbr\u003e \u003cb\u003eCara Redeem Voucher:\u003c/b\u003e \u003cbr\u003e 1. Setelah selesai melakukan pembelian, kunjungi halaman \"Kelas Saya\" untuk melihat kode voucher kamu. \u003cbr\u003e 2. Lalu setelah itu, daftarkan diri kamu dan masukkan kode voucher di form yang telah disediakan  \u003cbr\u003e 3. Tim Accelerice akan menghubungi kamu untuk pelaksanaan kelas.","courseName":"Webinar: Cegah Penyebaran Covid-19 dengan Penanganan Pangan Aman","courseSerial":"PROG-R8HTTJQJ","createdAt":"2020-06-10 08:00:31.605579 +0000 UTC","imageUrl":"https://skillacademy-prod.s3.ap-southeast-1.amazonaws.com/offline-marketplace/01-Merchant_Image.jpg","instructors":[{"description":"Accelerice merupakan akselerator makanan yang berbasis di Indonesia. Dikonseptualisasikan pada tahun 2018 untuk memberdayakan dan meningkatkan usaha kecil menengah dan merupakan inovasi pangan dan pusat pengetahuan pertama di Indonesia untuk calon pengusaha dan individu.","jobTitle":"","name":"Accelerice","profilePicture":"https://skillacademy-prod.s3.ap-southeast-1.amazonaws.com/offline-marketplace/10-Merchant_Logo.png"}],"introductionVideoThumbnailURL":"https://skillacademy-prod.s3.ap-southeast-1.amazonaws.com/offline-marketplace/01_Small.jpgg","introductionVideoURL":"https://skillacademy-prod.s3.ap-southeast-1.amazonaws.com/offline-marketplace/01_Large.jpg","isSubscribed":false,"location":["DKI JAKARTA","KOTA JAKARTA SELATAN"],"marketType":"OFFLINE","merchantSerial":"MERC-J8QNFF55","price":1000000,"rating":0,"slug":"webinar-cegah-penyebaran-covid19-dengan-penanganan-pangan-aman","tags":["TAG-PRAKERJA"],"topics":[],"totalRating":0,"transactional":"TRANSACTIONABLE_YES","updatedAt":"2020-09-04 05:13:37.910485 +0000 UTC"},{"basePrice":100000,"categories":[],"courseDescription":"Jadwal: Senin, 10 Agustus 2020\u003cbr\u003ePukul: 13.00-14.00 WIB\u003cbr\u003eJadi pebisnis harus siap menghadapi masalah dan krisis. Tidak ada bisnis yang selalu tenang-tenang saja keadaannya. Namun justru dengan kondisi inilah seorang pebisnis dan pengusaha akan menjadi semakin kuat mentalnya. Tentu saja menjadi pebisnis yang tahan krisis tidak cukup hanya bermodal semangat saja. Kamu harus tahu strategi serta tips untuk bisa bekerja secara efektif dalam kondisi apapun, baik di saat mudah maupun sulit. Yuk bergabung di kelas ini! Catat ya…. program ini didukung oleh MarkPlus, konsultan pemasaran pertama di Indonesia dengan pengalaman 30 tahun. Jadi, jangan lewatkan!\u003cbr\u003e\u003cbr\u003e\u003cb\u003ePERHATIAN\u003c/b\u003e\u003cbr\u003e1.Jika terjadi kesalahan dalam pembelian, pihak Skill Academy tidak melayani pengembalian dana (refund) dengan alasan apapun\u003cbr\u003e2. Sebelum membeli, harap baca deskripsi program dengan saksama, khususnya jadwal pelatihan\u003cbr\u003e3. Program pelatihan yang dibeli menggunakan Kartu Prakerja tidak dapat dipindahtangankan. Jika terjadi hal tersebut, pihak penyelenggara pelatihan berhak untuk tidak memberikan sertifikat\u003cbr\u003e4. Khusus untuk pengguna Kartu Prakerja, pastikan nama, alamat email, dan nomor HP yang terdaftar di Skill Academy sesuai dengan data Prakerja kamu\u003cbr\u003e\u003cbr\u003e\u003cb\u003eCara Redeem Voucher:\u003c/b\u003e\u003cbr\u003eSetelah melakukan transaksi, wajib daftarkan diri Anda pada link berikut: bit.ly/markplusinstitutexsa.","courseName":"Webinar: Langkah Jitu membuat perencanaan SMART untuk Mencapai Tujuan Anda","courseSerial":"PROG-E297MWWV","createdAt":"2020-05-12 04:09:08.691105 +0000 UTC","imageUrl":"https://skillacademy-prod.s3.ap-southeast-1.amazonaws.com/offline-marketplace/Background_MarkPlus.jpg","instructors":[{"description":"MarkPlus Institute adalah pionir dari institusi pelatihan keahlian profesional dan industrial sejak Mei 1990. Kami menyajikan metode belajar “Omni” dengan racikan personifikasi, kontekstual, interaktif dan terukur yang seimbang. MarkPlus Institute meningkatkan kompetensi sumber daya manusia Indonesia dengan membawa penget... (set the log level to DEBUG or TRACE to see the full content) 
 </msg>
<msg timestamp="20220205 00:01:53.961" level="INFO">${response} = &lt;Response [200]&gt;</msg>
<status status="PASS" starttime="20220205 00:01:52.491" endtime="20220205 00:01:53.961"/>
</kw>
<kw name="Convert To String" library="BuiltIn">
<var>${status_code}</var>
<arg>${response.status_code}</arg>
<doc>Converts the given item to a Unicode string.</doc>
<msg timestamp="20220205 00:01:53.962" level="INFO">${status_code} = 200</msg>
<status status="PASS" starttime="20220205 00:01:53.961" endtime="20220205 00:01:53.962"/>
</kw>
<kw name="Should Be Equal" library="BuiltIn">
<arg>${status_code}</arg>
<arg>200</arg>
<doc>Fails if the given objects are unequal.</doc>
<status status="PASS" starttime="20220205 00:01:53.962" endtime="20220205 00:01:53.963"/>
</kw>
<kw name="get from dictionary">
<var>${contentTypeValue}=</var>
<arg>${response.headers}</arg>
<arg>Content-Type</arg>
<msg timestamp="20220205 00:01:53.966" level="FAIL">No keyword with name 'get from dictionary' found.</msg>
<status status="FAIL" starttime="20220205 00:01:53.966" endtime="20220205 00:01:53.966"/>
</kw>
<kw name="Should Be Equal" library="BuiltIn">
<arg>${contentTypeValue}</arg>
<arg>application/json</arg>
<doc>Fails if the given objects are unequal.</doc>
<status status="NOT RUN" starttime="20220205 00:01:53.967" endtime="20220205 00:01:53.967"/>
</kw>
<kw name="Convert To String" library="BuiltIn">
<var>${body}</var>
<arg>${response.content}</arg>
<doc>Converts the given item to a Unicode string.</doc>
<status status="NOT RUN" starttime="20220205 00:01:53.967" endtime="20220205 00:01:53.967"/>
</kw>
<kw name="Should Contain" library="BuiltIn">
<arg>${body}</arg>
<arg>${skillavailableapi}</arg>
<doc>Fails if ``container`` does not contain ``item`` one or more times.</doc>
<status status="NOT RUN" starttime="20220205 00:01:53.967" endtime="20220205 00:01:53.967"/>
</kw>
<status status="FAIL" starttime="20220205 00:01:52.490" endtime="20220205 00:01:53.968"/>
</kw>
<kw name="Based on keyword page pageSize" library="keywordsApi">
<status status="NOT RUN" starttime="20220205 00:01:53.968" endtime="20220205 00:01:53.969"/>
</kw>
<kw name="Based on keyword price duration rating" library="keywordsApi">
<status status="NOT RUN" starttime="20220205 00:01:53.969" endtime="20220205 00:01:53.969"/>
</kw>
<status status="FAIL" starttime="20220205 00:01:52.490" endtime="20220205 00:01:53.969">No keyword with name 'get from dictionary' found.</status>
</test>
<doc>Performs Testing Based On Keyword price duration rated</doc>
<status status="FAIL" starttime="20220205 00:01:52.432" endtime="20220205 00:01:53.970"/>
</suite>
<statistics>
<total>
<stat pass="0" fail="1" skip="0">All Tests</stat>
</total>
<tag>
</tag>
<suite>
<stat pass="0" fail="1" skip="0" id="s1" name="searchApi">searchApi</stat>
</suite>
</statistics>
<errors>
<msg timestamp="20220205 00:01:52.491" level="WARN">Keyword 'request.Get Request' is deprecated. Please use `GET On Session` instead.</msg>
</errors>
</robot>
