<?xml version="1.0" encoding="UTF-8"?>
<robot generator="Robot 4.1.3 (Python 3.8.10 on linux)" generated="20220204 21:41:26.641" rpa="false" schemaversion="2">
<suite id="s1" name="searchWeb" source="/home/haben/Documents/QA/LAB/ROBOT-TEST/testing-ruangguru/test/web/searchWeb.robot">
<test id="s1-t1" name="Search web">
<kw name="Based on available" library="keywordSearch">
<kw name="Open Browser" library="SeleniumLibrary">
<arg>${url_skillacademy}</arg>
<arg>chrome</arg>
<arg>alias=Chrome</arg>
<doc>Opens a new browser instance to the optional ``url``.</doc>
<msg timestamp="20220204 21:41:26.738" level="INFO">Opening browser 'chrome' to base url 'https://skillacademy.com/'.</msg>
<status status="PASS" starttime="20220204 21:41:26.738" endtime="20220204 21:41:30.981"/>
</kw>
<kw name="Maximize Browser Window" library="SeleniumLibrary">
<doc>Maximizes current browser window.</doc>
<status status="PASS" starttime="20220204 21:41:30.981" endtime="20220204 21:41:31.541"/>
</kw>
<kw name="Input Text" library="SeleniumLibrary">
<arg>css:input[data-testid='search-input-field']</arg>
<arg>${skillavailable}</arg>
<doc>Types the given ``text`` into the text field identified by ``locator``.</doc>
<msg timestamp="20220204 21:41:31.541" level="INFO">Typing text 'Bahasa Inggris' into text field 'css:input[data-testid='search-input-field']'.</msg>
<status status="PASS" starttime="20220204 21:41:31.541" endtime="20220204 21:41:31.700"/>
</kw>
<kw name="Press Keys" library="SeleniumLibrary">
<arg>css:input[data-testid='search-input-field']</arg>
<arg>ENTER</arg>
<doc>Simulates the user pressing key(s) to an element or on the active browser.</doc>
<msg timestamp="20220204 21:41:31.701" level="INFO">Sending key(s) ('ENTER',) to css:input[data-testid='search-input-field'] element.</msg>
<msg timestamp="20220204 21:41:31.977" level="INFO">Pressing special key ENTER to element.</msg>
<msg timestamp="20220204 21:41:31.977" level="INFO">Releasing special key ENTER.</msg>
<status status="PASS" starttime="20220204 21:41:31.700" endtime="20220204 21:41:31.993"/>
</kw>
<kw name="Get Location" library="SeleniumLibrary">
<var>${URL}</var>
<doc>Returns the current browser window URL.</doc>
<msg timestamp="20220204 21:41:31.996" level="INFO">${URL} = https://skillacademy.com/</msg>
<status status="PASS" starttime="20220204 21:41:31.993" endtime="20220204 21:41:31.996"/>
</kw>
<kw name="Should Match Regexp" library="BuiltIn">
<arg>${URL}</arg>
<arg>https://skillacademy.com/.*</arg>
<doc>Fails if ``string`` does not match ``pattern`` as a regular expression.</doc>
<status status="PASS" starttime="20220204 21:41:31.996" endtime="20220204 21:41:31.996"/>
</kw>
<kw name="Get Text" library="SeleniumLibrary">
<var>${judul}</var>
<arg>xpath://*[contains(@data-testid,"course-title")]</arg>
<doc>Returns the text value of the element identified by ``locator``.</doc>
<msg timestamp="20220204 21:41:32.016" level="INFO">${judul} = Tryout Seleksi PPPK Guru IPA SMP</msg>
<status status="PASS" starttime="20220204 21:41:31.996" endtime="20220204 21:41:32.016"/>
</kw>
<kw name="Log To Console" library="BuiltIn">
<arg>Grab Sample Title ${judul}</arg>
<doc>Logs the given message to the console.</doc>
<status status="PASS" starttime="20220204 21:41:32.016" endtime="20220204 21:41:32.017"/>
</kw>
<kw name="Wait Until Page Contains Element" library="SeleniumLibrary">
<arg>css:span[data-testid='total-result']</arg>
<doc>Waits until the element ``locator`` appears on the current page.</doc>
<status status="PASS" starttime="20220204 21:41:32.017" endtime="20220204 21:41:32.800"/>
</kw>
<kw name="Get Text" library="SeleniumLibrary">
<var>${total}</var>
<arg>css:span[data-testid='total-result']</arg>
<doc>Returns the text value of the element identified by ``locator``.</doc>
<msg timestamp="20220204 21:41:32.847" level="INFO">${total} = 63</msg>
<status status="PASS" starttime="20220204 21:41:32.800" endtime="20220204 21:41:32.847"/>
</kw>
<kw name="Log To Console" library="BuiltIn">
<arg>Number of articles ${total}</arg>
<doc>Logs the given message to the console.</doc>
<status status="PASS" starttime="20220204 21:41:32.847" endtime="20220204 21:41:32.847"/>
</kw>
<kw name="Get Text" library="SeleniumLibrary">
<var>${pricefinal}</var>
<arg>xpath://*[contains(@data-testid,"price-final")]</arg>
<doc>Returns the text value of the element identified by ``locator``.</doc>
<msg timestamp="20220204 21:41:32.867" level="INFO">${pricefinal} = Rp 250.000</msg>
<status status="PASS" starttime="20220204 21:41:32.847" endtime="20220204 21:41:32.867"/>
</kw>
<kw name="Log To Console" library="BuiltIn">
<arg>Price Sample Title</arg>
<arg>${pricefinal}</arg>
<doc>Logs the given message to the console.</doc>
<status status="PASS" starttime="20220204 21:41:32.867" endtime="20220204 21:41:32.868"/>
</kw>
<status status="PASS" starttime="20220204 21:41:26.737" endtime="20220204 21:41:32.868"/>
</kw>
<status status="PASS" starttime="20220204 21:41:26.737" endtime="20220204 21:41:32.868"/>
</test>
<doc>Performs Testing Based On Keyword</doc>
<status status="PASS" starttime="20220204 21:41:26.642" endtime="20220204 21:41:32.869"/>
</suite>
<statistics>
<total>
<stat pass="1" fail="0" skip="0">All Tests</stat>
</total>
<tag>
</tag>
<suite>
<stat pass="1" fail="0" skip="0" id="s1" name="searchWeb">searchWeb</stat>
</suite>
</statistics>
<errors>
</errors>
</robot>
