<?xml version="1.0" encoding="UTF-8"?>
<robot generator="Robot 4.1.3 (Python 3.8.10 on linux)" generated="20220204 22:51:29.864" rpa="false" schemaversion="2">
<suite id="s1" name="searchWeb" source="/home/haben/Documents/QA/LAB/ROBOT-TEST/testing-ruangguru/test/web/searchWeb.robot">
<test id="s1-t1" name="Search web">
<kw name="Based on available keyword and filter price &lt; 100.000 and duration 1 jam" library="keywordSearch">
<kw name="Open Browser" library="SeleniumLibrary">
<arg>${url_skillacademy}</arg>
<arg>chrome</arg>
<arg>alias=Chrome</arg>
<doc>Opens a new browser instance to the optional ``url``.</doc>
<msg timestamp="20220204 22:51:29.956" level="INFO">Opening browser 'chrome' to base url 'https://skillacademy.com/'.</msg>
<status status="PASS" starttime="20220204 22:51:29.955" endtime="20220204 22:51:34.515"/>
</kw>
<kw name="Maximize Browser Window" library="SeleniumLibrary">
<doc>Maximizes current browser window.</doc>
<status status="PASS" starttime="20220204 22:51:34.515" endtime="20220204 22:51:35.147"/>
</kw>
<kw name="Input Text" library="SeleniumLibrary">
<arg>css:input[data-testid='search-input-field']</arg>
<arg>${skillavailable}</arg>
<doc>Types the given ``text`` into the text field identified by ``locator``.</doc>
<msg timestamp="20220204 22:51:35.147" level="INFO">Typing text 'Bahasa Inggris' into text field 'css:input[data-testid='search-input-field']'.</msg>
<status status="PASS" starttime="20220204 22:51:35.147" endtime="20220204 22:51:35.257"/>
</kw>
<kw name="Press Keys" library="SeleniumLibrary">
<arg>css:input[data-testid='search-input-field']</arg>
<arg>ENTER</arg>
<doc>Simulates the user pressing key(s) to an element or on the active browser.</doc>
<msg timestamp="20220204 22:51:35.258" level="INFO">Sending key(s) ('ENTER',) to css:input[data-testid='search-input-field'] element.</msg>
<msg timestamp="20220204 22:51:35.525" level="INFO">Pressing special key ENTER to element.</msg>
<msg timestamp="20220204 22:51:35.526" level="INFO">Releasing special key ENTER.</msg>
<status status="PASS" starttime="20220204 22:51:35.258" endtime="20220204 22:51:35.548"/>
</kw>
<kw name="Get Location" library="SeleniumLibrary">
<var>${URL}</var>
<doc>Returns the current browser window URL.</doc>
<msg timestamp="20220204 22:51:35.551" level="INFO">${URL} = https://skillacademy.com/</msg>
<status status="PASS" starttime="20220204 22:51:35.548" endtime="20220204 22:51:35.551"/>
</kw>
<kw name="Should Match Regexp" library="BuiltIn">
<arg>${URL}</arg>
<arg>https://skillacademy.com/.*</arg>
<doc>Fails if ``string`` does not match ``pattern`` as a regular expression.</doc>
<status status="PASS" starttime="20220204 22:51:35.552" endtime="20220204 22:51:35.552"/>
</kw>
<kw name="Wait Until Page Contains Element" library="SeleniumLibrary">
<arg>xpath://div[contains(text(),'Harga')]</arg>
<doc>Waits until the element ``locator`` appears on the current page.</doc>
<status status="PASS" starttime="20220204 22:51:35.552" endtime="20220204 22:51:36.356"/>
</kw>
<kw name="Click Element" library="SeleniumLibrary">
<arg>xpath://div[contains(text(),'Harga')]</arg>
<doc>Click the element identified by ``locator``.</doc>
<msg timestamp="20220204 22:51:36.357" level="INFO">Clicking element 'xpath://div[contains(text(),'Harga')]'.</msg>
<status status="PASS" starttime="20220204 22:51:36.356" endtime="20220204 22:51:36.425"/>
</kw>
<kw name="Wait Until Page Contains Element" library="SeleniumLibrary">
<arg>xpath://div[contains(text(),'&lt;100.000')]</arg>
<doc>Waits until the element ``locator`` appears on the current page.</doc>
<status status="PASS" starttime="20220204 22:51:36.426" endtime="20220204 22:51:36.435"/>
</kw>
<kw name="Click Element" library="SeleniumLibrary">
<arg>xpath://div[contains(text(),'&lt;100.000')]</arg>
<doc>Click the element identified by ``locator``.</doc>
<msg timestamp="20220204 22:51:36.435" level="INFO">Clicking element 'xpath://div[contains(text(),'&lt;100.000')]'.</msg>
<status status="PASS" starttime="20220204 22:51:36.435" endtime="20220204 22:51:36.579"/>
</kw>
<kw name="Wait Until Page Contains Element" library="SeleniumLibrary">
<arg>xpath://div[contains(text(),'Durasi')]</arg>
<doc>Waits until the element ``locator`` appears on the current page.</doc>
<status status="PASS" starttime="20220204 22:51:36.579" endtime="20220204 22:51:37.055"/>
</kw>
<kw name="Click Element" library="SeleniumLibrary">
<arg>xpath://div[contains(text(),'Durasi')]</arg>
<doc>Click the element identified by ``locator``.</doc>
<msg timestamp="20220204 22:51:37.055" level="INFO">Clicking element 'xpath://div[contains(text(),'Durasi')]'.</msg>
<status status="PASS" starttime="20220204 22:51:37.055" endtime="20220204 22:51:37.085"/>
</kw>
<kw name="Wait Until Page Contains Element" library="SeleniumLibrary">
<arg>xpath://div[contains(text(),'&lt;1 jam')]</arg>
<doc>Waits until the element ``locator`` appears on the current page.</doc>
<status status="PASS" starttime="20220204 22:51:37.085" endtime="20220204 22:51:37.092"/>
</kw>
<kw name="Click Element" library="SeleniumLibrary">
<arg>xpath://div[contains(text(),'&lt;1 jam')]</arg>
<doc>Click the element identified by ``locator``.</doc>
<msg timestamp="20220204 22:51:37.093" level="INFO">Clicking element 'xpath://div[contains(text(),'&lt;1 jam')]'.</msg>
<status status="PASS" starttime="20220204 22:51:37.092" endtime="20220204 22:51:37.182"/>
</kw>
<kw name="Content Course" library="contentCourse">
<kw name="Wait Until Page Contains Element" library="SeleniumLibrary">
<arg>xpath://*[contains(@data-testid,"course-title")]</arg>
<doc>Waits until the element ``locator`` appears on the current page.</doc>
<status status="PASS" starttime="20220204 22:51:37.182" endtime="20220204 22:51:37.419"/>
</kw>
<kw name="Get Text" library="SeleniumLibrary">
<var>${judul}</var>
<arg>xpath://*[contains(@data-testid,"course-title")]</arg>
<doc>Returns the text value of the element identified by ``locator``.</doc>
<msg timestamp="20220204 22:51:37.441" level="INFO">${judul} = Tryout SKB CPNS Guru Bahasa Indonesia</msg>
<status status="PASS" starttime="20220204 22:51:37.419" endtime="20220204 22:51:37.441"/>
</kw>
<kw name="Log To Console" library="BuiltIn">
<arg>Grab Sample Title ${judul}</arg>
<doc>Logs the given message to the console.</doc>
<status status="PASS" starttime="20220204 22:51:37.442" endtime="20220204 22:51:37.442"/>
</kw>
<kw name="Wait Until Page Contains Element" library="SeleniumLibrary">
<arg>css:h2[data-testid='instructor-name']</arg>
<doc>Waits until the element ``locator`` appears on the current page.</doc>
<status status="PASS" starttime="20220204 22:51:37.442" endtime="20220204 22:51:37.450"/>
</kw>
<kw name="Get Text" library="SeleniumLibrary">
<var>${instructorname}</var>
<arg>css:h2[data-testid='instructor-name']</arg>
<doc>Returns the text value of the element identified by ``locator``.</doc>
<msg timestamp="20220204 22:51:37.464" level="INFO">${instructorname} = Tim Pembuat Soal CPNS</msg>
<status status="PASS" starttime="20220204 22:51:37.450" endtime="20220204 22:51:37.464"/>
</kw>
<kw name="Log To Console" library="BuiltIn">
<arg>Grab Sample instructor name ${instructorname}</arg>
<doc>Logs the given message to the console.</doc>
<status status="PASS" starttime="20220204 22:51:37.464" endtime="20220204 22:51:37.465"/>
</kw>
<kw name="Wait Until Page Contains Element" library="SeleniumLibrary">
<arg>css:p[data-testid='instructor-description']</arg>
<doc>Waits until the element ``locator`` appears on the current page.</doc>
<status status="PASS" starttime="20220204 22:51:37.465" endtime="20220204 22:51:37.472"/>
</kw>
<kw name="Get Text" library="SeleniumLibrary">
<var>${instructordesc}</var>
<arg>css:p[data-testid='instructor-description']</arg>
<doc>Returns the text value of the element identified by ``locator``.</doc>
<msg timestamp="20220204 22:51:37.485" level="INFO">${instructordesc} = Tim Pembuat Soal CPNS</msg>
<status status="PASS" starttime="20220204 22:51:37.472" endtime="20220204 22:51:37.485"/>
</kw>
<kw name="Log To Console" library="BuiltIn">
<arg>Grab Sample instructor description ${instructordesc}</arg>
<doc>Logs the given message to the console.</doc>
<status status="PASS" starttime="20220204 22:51:37.485" endtime="20220204 22:51:37.485"/>
</kw>
<kw name="Wait Until Page Contains Element" library="SeleniumLibrary">
<arg>xpath://*[contains(@data-testid,"course-description")]</arg>
<doc>Waits until the element ``locator`` appears on the current page.</doc>
<status status="PASS" starttime="20220204 22:51:37.485" endtime="20220204 22:51:37.494"/>
</kw>
<kw name="Get Text" library="SeleniumLibrary">
<var>${coursedesc}</var>
<arg>xpath://*[contains(@data-testid,"course-description")]</arg>
<doc>Returns the text value of the element identified by ``locator``.</doc>
<msg timestamp="20220204 22:51:37.510" level="INFO">${coursedesc} = Kelas Try Out SKB CPNS Guru Bahasa Indonesia menyajikan 30 latihan soal, yang terdiri dari 10 soal pedagogik dan 20 soal kompetensi bidang guru Bahasa Indonesia. Serta 100 soal Try Out yang terdiri da...</msg>
<status status="PASS" starttime="20220204 22:51:37.494" endtime="20220204 22:51:37.510"/>
</kw>
<kw name="Log To Console" library="BuiltIn">
<arg>Grab Sample course description ${coursedesc}</arg>
<doc>Logs the given message to the console.</doc>
<status status="PASS" starttime="20220204 22:51:37.510" endtime="20220204 22:51:37.510"/>
</kw>
<kw name="Wait Until Page Contains Element" library="SeleniumLibrary">
<arg>xpath://*[contains(@data-testid,"star-rating")]</arg>
<doc>Waits until the element ``locator`` appears on the current page.</doc>
<status status="PASS" starttime="20220204 22:51:37.510" endtime="20220204 22:51:37.521"/>
</kw>
<kw name="Get Text" library="SeleniumLibrary">
<var>${starrating}</var>
<arg>xpath://*[contains(@data-testid,"star-rating")]</arg>
<doc>Returns the text value of the element identified by ``locator``.</doc>
<msg timestamp="20220204 22:51:37.535" level="INFO">${starrating} = </msg>
<status status="PASS" starttime="20220204 22:51:37.521" endtime="20220204 22:51:37.535"/>
</kw>
<kw name="Log To Console" library="BuiltIn">
<arg>Star Rating ${starrating}</arg>
<doc>Logs the given message to the console.</doc>
<status status="PASS" starttime="20220204 22:51:37.535" endtime="20220204 22:51:37.535"/>
</kw>
<kw name="Wait Until Page Contains Element" library="SeleniumLibrary">
<arg>css:span[data-testid='rating-text']</arg>
<doc>Waits until the element ``locator`` appears on the current page.</doc>
<status status="PASS" starttime="20220204 22:51:37.535" endtime="20220204 22:51:37.543"/>
</kw>
<kw name="Get Text" library="SeleniumLibrary">
<var>${starrating}</var>
<arg>css:span[data-testid='rating-text']</arg>
<doc>Returns the text value of the element identified by ``locator``.</doc>
<msg timestamp="20220204 22:51:37.557" level="INFO">${starrating} = 4.8</msg>
<status status="PASS" starttime="20220204 22:51:37.543" endtime="20220204 22:51:37.557"/>
</kw>
<kw name="Log To Console" library="BuiltIn">
<arg>Rating Text ${starrating}</arg>
<doc>Logs the given message to the console.</doc>
<status status="PASS" starttime="20220204 22:51:37.557" endtime="20220204 22:51:37.557"/>
</kw>
<kw name="Wait Until Page Contains Element" library="SeleniumLibrary">
<arg>css:span[data-testid='rating-count']</arg>
<doc>Waits until the element ``locator`` appears on the current page.</doc>
<status status="PASS" starttime="20220204 22:51:37.557" endtime="20220204 22:51:37.566"/>
</kw>
<kw name="Get Text" library="SeleniumLibrary">
<var>${ratingcount}</var>
<arg>css:span[data-testid='rating-count']</arg>
<doc>Returns the text value of the element identified by ``locator``.</doc>
<msg timestamp="20220204 22:51:37.581" level="INFO">${ratingcount} = (122 rating)</msg>
<status status="PASS" starttime="20220204 22:51:37.566" endtime="20220204 22:51:37.581"/>
</kw>
<kw name="Log To Console" library="BuiltIn">
<arg>Rating Count ${ratingcount}</arg>
<doc>Logs the given message to the console.</doc>
<status status="PASS" starttime="20220204 22:51:37.581" endtime="20220204 22:51:37.582"/>
</kw>
<kw name="Wait Until Page Contains Element" library="SeleniumLibrary">
<arg>css:p[data-testid='price-base']</arg>
<doc>Waits until the element ``locator`` appears on the current page.</doc>
<status status="PASS" starttime="20220204 22:51:37.582" endtime="20220204 22:51:37.589"/>
</kw>
<kw name="Get Text" library="SeleniumLibrary">
<var>${pricebase}</var>
<arg>css:p[data-testid='price-base']</arg>
<doc>Returns the text value of the element identified by ``locator``.</doc>
<msg timestamp="20220204 22:51:37.603" level="INFO">${pricebase} = Rp 100.000</msg>
<status status="PASS" starttime="20220204 22:51:37.589" endtime="20220204 22:51:37.603"/>
</kw>
<kw name="Log To Console" library="BuiltIn">
<arg>Price Base ${pricebase}</arg>
<doc>Logs the given message to the console.</doc>
<status status="PASS" starttime="20220204 22:51:37.603" endtime="20220204 22:51:37.604"/>
</kw>
<kw name="Wait Until Page Contains Element" library="SeleniumLibrary">
<arg>xpath://*[contains(@data-testid,"price-final")]</arg>
<doc>Waits until the element ``locator`` appears on the current page.</doc>
<status status="PASS" starttime="20220204 22:51:37.604" endtime="20220204 22:51:37.612"/>
</kw>
<kw name="Get Text" library="SeleniumLibrary">
<var>${pricefinal}</var>
<arg>xpath://*[contains(@data-testid,"price-final")]</arg>
<doc>Returns the text value of the element identified by ``locator``.</doc>
<msg timestamp="20220204 22:51:37.626" level="INFO">${pricefinal} = Rp 31.000</msg>
<status status="PASS" starttime="20220204 22:51:37.612" endtime="20220204 22:51:37.626"/>
</kw>
<kw name="Log To Console" library="BuiltIn">
<arg>Price Sample Title</arg>
<arg>${pricefinal}</arg>
<doc>Logs the given message to the console.</doc>
<status status="PASS" starttime="20220204 22:51:37.626" endtime="20220204 22:51:37.627"/>
</kw>
<kw name="Wait Until Page Contains Element" library="SeleniumLibrary">
<arg>xpath://*[contains(@data-testid,"buy-course")]</arg>
<doc>Waits until the element ``locator`` appears on the current page.</doc>
<status status="PASS" starttime="20220204 22:51:37.627" endtime="20220204 22:51:37.635"/>
</kw>
<kw name="Get Text" library="SeleniumLibrary">
<var>${buttonbuy}</var>
<arg>xpath://*[contains(@data-testid,"buy-course")]</arg>
<doc>Returns the text value of the element identified by ``locator``.</doc>
<msg timestamp="20220204 22:51:37.647" level="INFO">${buttonbuy} = BELI SEKARANG</msg>
<status status="PASS" starttime="20220204 22:51:37.635" endtime="20220204 22:51:37.647"/>
</kw>
<kw name="Log To Console" library="BuiltIn">
<arg>Button Buy</arg>
<arg>${buttonbuy}</arg>
<doc>Logs the given message to the console.</doc>
<status status="PASS" starttime="20220204 22:51:37.647" endtime="20220204 22:51:37.647"/>
</kw>
<kw name="Wait Until Page Contains Element" library="SeleniumLibrary">
<arg>css:span[data-testid='total-result']</arg>
<doc>Waits until the element ``locator`` appears on the current page.</doc>
<status status="PASS" starttime="20220204 22:51:37.648" endtime="20220204 22:51:37.656"/>
</kw>
<kw name="Get Text" library="SeleniumLibrary">
<var>${total}</var>
<arg>css:span[data-testid='total-result']</arg>
<doc>Returns the text value of the element identified by ``locator``.</doc>
<msg timestamp="20220204 22:51:37.669" level="INFO">${total} = 1</msg>
<status status="PASS" starttime="20220204 22:51:37.656" endtime="20220204 22:51:37.669"/>
</kw>
<kw name="Log To Console" library="BuiltIn">
<arg>Number of articles ${total}</arg>
<doc>Logs the given message to the console.</doc>
<status status="PASS" starttime="20220204 22:51:37.669" endtime="20220204 22:51:37.670"/>
</kw>
<status status="PASS" starttime="20220204 22:51:37.182" endtime="20220204 22:51:37.670"/>
</kw>
<status status="PASS" starttime="20220204 22:51:29.955" endtime="20220204 22:51:37.670"/>
</kw>
<kw name="Close Browser" library="SeleniumLibrary" type="TEARDOWN">
<doc>Closes the current browser.</doc>
<status status="PASS" starttime="20220204 22:51:37.670" endtime="20220204 22:51:37.729"/>
</kw>
<status status="PASS" starttime="20220204 22:51:29.955" endtime="20220204 22:51:37.729"/>
</test>
<doc>Performs Testing Based On Keyword</doc>
<status status="PASS" starttime="20220204 22:51:29.865" endtime="20220204 22:51:37.729"/>
</suite>
<statistics>
<total>
<stat pass="1" fail="0" skip="0">All Tests</stat>
</total>
<tag>
</tag>
<suite>
<stat pass="1" fail="0" skip="0" id="s1" name="searchWeb">searchWeb</stat>
</suite>
</statistics>
<errors>
</errors>
</robot>
